[2018-02-02 16:04:49.915] [ERROR] pomelo-rpc - [31m[mqtt-acceptor] [39mprocess rpc message error TypeError: Cannot read property 'sid' of undefined
    at Handler.handler.send (/Users/song/Documents/socket.io/game-server/app/servers/chat/handler/chatHandler.js:40:43)
    at Service.handle (/Users/song/Documents/socket.io/game-server/node_modules/pomelo/lib/common/service/handlerService.js:59:20)
    at handle (/Users/song/Documents/socket.io/game-server/node_modules/pomelo/lib/server/server.js:375:25)
    at next (/Users/song/Documents/socket.io/game-server/node_modules/pomelo/lib/common/service/filterService.js:50:7)
    at Filter.before (/Users/song/Documents/socket.io/game-server/node_modules/pomelo/lib/filters/handler/timeout.js:34:3)
    at next (/Users/song/Documents/socket.io/game-server/node_modules/pomelo/lib/common/service/filterService.js:58:15)
    at Service.beforeFilter (/Users/song/Documents/socket.io/game-server/node_modules/pomelo/lib/common/service/filterService.js:65:3)
    at beforeFilter (/Users/song/Documents/socket.io/game-server/node_modules/pomelo/lib/server/server.js:242:8)
    at doHandle (/Users/song/Documents/socket.io/game-server/node_modules/pomelo/lib/server/server.js:388:3)
    at Server.pro.handle (/Users/song/Documents/socket.io/game-server/node_modules/pomelo/lib/server/server.js:125:3)
[2018-02-02 16:04:59.769] [ERROR] pomelo-rpc - [31m[mqtt-acceptor] [39mprocess rpc message error TypeError: Cannot read property 'sid' of undefined
    at Handler.handler.send (/Users/song/Documents/socket.io/game-server/app/servers/chat/handler/chatHandler.js:40:43)
    at Service.handle (/Users/song/Documents/socket.io/game-server/node_modules/pomelo/lib/common/service/handlerService.js:59:20)
    at handle (/Users/song/Documents/socket.io/game-server/node_modules/pomelo/lib/server/server.js:375:25)
    at next (/Users/song/Documents/socket.io/game-server/node_modules/pomelo/lib/common/service/filterService.js:50:7)
    at Filter.before (/Users/song/Documents/socket.io/game-server/node_modules/pomelo/lib/filters/handler/timeout.js:34:3)
    at next (/Users/song/Documents/socket.io/game-server/node_modules/pomelo/lib/common/service/filterService.js:58:15)
    at Service.beforeFilter (/Users/song/Documents/socket.io/game-server/node_modules/pomelo/lib/common/service/filterService.js:65:3)
    at beforeFilter (/Users/song/Documents/socket.io/game-server/node_modules/pomelo/lib/server/server.js:242:8)
    at doHandle (/Users/song/Documents/socket.io/game-server/node_modules/pomelo/lib/server/server.js:388:3)
    at Server.pro.handle (/Users/song/Documents/socket.io/game-server/node_modules/pomelo/lib/server/server.js:125:3)
[2018-02-02 16:08:40.759] [ERROR] pomelo-rpc - [31m[mqtt-acceptor] [39mprocess rpc message error TypeError: Cannot read property 'sid' of undefined
    at Handler.handler.send (/Users/song/Documents/socket.io/game-server/app/servers/chat/handler/chatHandler.js:40:43)
    at Service.handle (/Users/song/Documents/socket.io/game-server/node_modules/pomelo/lib/common/service/handlerService.js:59:20)
    at handle (/Users/song/Documents/socket.io/game-server/node_modules/pomelo/lib/server/server.js:375:25)
    at next (/Users/song/Documents/socket.io/game-server/node_modules/pomelo/lib/common/service/filterService.js:50:7)
    at Filter.before (/Users/song/Documents/socket.io/game-server/node_modules/pomelo/lib/filters/handler/timeout.js:34:3)
    at next (/Users/song/Documents/socket.io/game-server/node_modules/pomelo/lib/common/service/filterService.js:58:15)
    at Service.beforeFilter (/Users/song/Documents/socket.io/game-server/node_modules/pomelo/lib/common/service/filterService.js:65:3)
    at beforeFilter (/Users/song/Documents/socket.io/game-server/node_modules/pomelo/lib/server/server.js:242:8)
    at doHandle (/Users/song/Documents/socket.io/game-server/node_modules/pomelo/lib/server/server.js:388:3)
    at Server.pro.handle (/Users/song/Documents/socket.io/game-server/node_modules/pomelo/lib/server/server.js:125:3)
[2018-02-02 16:25:12.111] [ERROR] pomelo-rpc - [31m[mqtt-acceptor] [39mprocess rpc message error TypeError: Cannot read property 'sid' of undefined
    at Handler.handler.send (/Users/song/Documents/socket.io/game-server/app/servers/chat/handler/chatHandler.js:40:43)
    at Service.handle (/Users/song/Documents/socket.io/game-server/node_modules/pomelo/lib/common/service/handlerService.js:59:20)
    at handle (/Users/song/Documents/socket.io/game-server/node_modules/pomelo/lib/server/server.js:375:25)
    at next (/Users/song/Documents/socket.io/game-server/node_modules/pomelo/lib/common/service/filterService.js:50:7)
    at Filter.before (/Users/song/Documents/socket.io/game-server/node_modules/pomelo/lib/filters/handler/timeout.js:34:3)
    at next (/Users/song/Documents/socket.io/game-server/node_modules/pomelo/lib/common/service/filterService.js:58:15)
    at Service.beforeFilter (/Users/song/Documents/socket.io/game-server/node_modules/pomelo/lib/common/service/filterService.js:65:3)
    at beforeFilter (/Users/song/Documents/socket.io/game-server/node_modules/pomelo/lib/server/server.js:242:8)
    at doHandle (/Users/song/Documents/socket.io/game-server/node_modules/pomelo/lib/server/server.js:388:3)
    at Server.pro.handle (/Users/song/Documents/socket.io/game-server/node_modules/pomelo/lib/server/server.js:125:3)
[2018-04-13 10:28:17.573] [ERROR] pomelo-rpc - [31m[mqtt-acceptor] [39mprocess rpc message error ReferenceError: fl is not defined
    at ChatRemote.add (/Users/song/Documents/Chat/server/game-server/app/servers/chat/remote/chatRemote.js:20:44)
    at Dispatcher.pro.route (/Users/song/Documents/Chat/server/game-server/node_modules/pomelo-rpc/lib/rpc-server/dispatcher.js:52:10)
    at Acceptor.cb (/Users/song/Documents/Chat/server/game-server/node_modules/pomelo-rpc/lib/rpc-server/gateway.js:22:16)
    at processMsg (/Users/song/Documents/Chat/server/game-server/node_modules/pomelo-rpc/lib/rpc-server/acceptors/mqtt-acceptor.js:138:12)
    at Connection.<anonymous> (/Users/song/Documents/Chat/server/game-server/node_modules/pomelo-rpc/lib/rpc-server/acceptors/mqtt-acceptor.js:62:11)
    at emitOne (events.js:116:13)
    at Connection.emit (events.js:211:7)
    at Connection.emitPacket (/Users/song/Documents/Chat/server/game-server/node_modules/mqtt-connection/connection.js:14:8)
    at emitOne (events.js:116:13)
    at Connection.emit (events.js:211:7)
[2018-04-13 10:28:20.098] [ERROR] pomelo-rpc - [31m[mqtt-acceptor] [39mprocess rpc message error TypeError: Cannot read property 'pushMessage' of undefined
    at ChatRemote.kick (/Users/song/Documents/Chat/server/game-server/app/servers/chat/remote/chatRemote.js:76:13)
    at Dispatcher.pro.route (/Users/song/Documents/Chat/server/game-server/node_modules/pomelo-rpc/lib/rpc-server/dispatcher.js:52:10)
    at Acceptor.cb (/Users/song/Documents/Chat/server/game-server/node_modules/pomelo-rpc/lib/rpc-server/gateway.js:22:16)
    at processMsg (/Users/song/Documents/Chat/server/game-server/node_modules/pomelo-rpc/lib/rpc-server/acceptors/mqtt-acceptor.js:138:12)
    at Connection.<anonymous> (/Users/song/Documents/Chat/server/game-server/node_modules/pomelo-rpc/lib/rpc-server/acceptors/mqtt-acceptor.js:62:11)
    at emitOne (events.js:116:13)
    at Connection.emit (events.js:211:7)
    at Connection.emitPacket (/Users/song/Documents/Chat/server/game-server/node_modules/mqtt-connection/connection.js:14:8)
    at emitOne (events.js:116:13)
    at Connection.emit (events.js:211:7)
